<?xml version="1.0" encoding="UTF-8"?>

<!--********************************************************************
Copyright 2016 Katherine Yoshiwara


*********************************************************************-->
<!-- This just inserts a draft xml section file     -->
<mathbook xmlns:xi="http://www.w3.org/2001/XInclude" xml:lang="en-US">

<xi:include href="./ptx/bookinfo.xml" />   <!-- ISBN, website, other metadata -->

<book xml:id="Test-Section">
   <title>Testing section</title>
   <subtitle>test subtitle</subtitle>

   <xi:include href="./ptx/frontmatter.xml" />            <!--  Title3Page, Preface, etc.  -->

        <chapter xml:id="testchap">
            <title>Fake chapter</title>
            <introduction><p>This is a fake chapter intro.</p>
            </introduction>

            <xi:include href="./ptx/section-10-1.xml" />


    </chapter>

<!--    <xi:include href="../ptx/backmatter.xml" />  -->  


</book>
</mathbook>